time="2024-02-23T17:16:39+03:00" level=info msg="Create router" func="main.go:16" file="main.go:16"
2024/02/23 17:16:39 Start app
2024/02/23 17:16:47 Получена структура созданого User с параметрами: {Ht Worker 2024-02-23T14:16:47.328Z 593 User created sucess}
time="2024-02-23T17:24:24+03:00" level=info msg="Create router" func="main.go:16" file="main.go:16"
2024/02/23 17:24:24 Start app
time="2024-02-23T17:28:51+03:00" level=info msg="Create router" func="main.go:16" file="main.go:16"
time="2024-02-23T17:28:51+03:00" level=info msg="Start app" func="main.go:24" file="main.go:24"
time="2024-02-23T17:28:58+03:00" level=info msg="Create router" func="main.go:16" file="main.go:16"
time="2024-02-23T17:28:58+03:00" level=info msg="Start app" func="main.go:24" file="main.go:24"
2024/02/23 17:29:01 Получена структура созданого User с параметрами: {Ht Worker 2024-02-23T14:29:01.838Z 302 User created sucess}
time="2024-02-23T17:30:05+03:00" level=info msg="Create router" func="main.go:16" file="main.go:16"
time="2024-02-23T17:30:05+03:00" level=info msg="Start app" func="main.go:24" file="main.go:24"
2024/02/23 17:30:08 Получена структура созданого User с параметрами: {Ht Worker 2024-02-23T14:30:08.605Z 99 User created sucess}
time="2024-02-23T17:35:24+03:00" level=info msg="Create router" func="main.go:16" file="main.go:16"
time="2024-02-23T17:35:24+03:00" level=info msg="Start app" func="main.go:24" file="main.go:24"
2024/02/23 17:35:26 Получена структура созданого User с параметрами: {Ht Worker 2024-02-23T14:35:26.890Z 258 User created sucess}
time="2024-02-23T17:48:05+03:00" level=info msg="Create router" func="main.go:16" file="main.go:16"
time="2024-02-23T17:48:05+03:00" level=info msg="Start app" func="main.go:24" file="main.go:24"
time="2024-02-23T17:48:10+03:00" level=info msg="Получена структура созданного User с параметрами:{Ht Worker 2024-02-23T14:48:10.065Z 603 User created sucess}" func="UserHandler.go:58" file="UserHandler.go:58"
time="2024-02-23T17:49:12+03:00" level=info msg="Create router" func="main.go:16" file="main.go:16"
time="2024-02-23T17:49:12+03:00" level=info msg="Start app" func="main.go:24" file="main.go:24"
time="2024-02-23T17:49:16+03:00" level=info msg="Получена структура созданного User с параметрами:{Ht Worker 2024-02-23T14:49:16.362Z 4 User created sucess}" func="UserHandler.go:58" file="UserHandler.go:58"
time="2024-02-23T17:49:16+03:00" level=info msg="Вернули ответ:[123 34 110 97 109 101 34 58 34 72 116 34 44 34 106 111 98 34 58 34 87 111 114 107 101 114 34 44 34 67 114 101 97 116 101 100 34 58 34 50 48 50 52 45 48 50 45 50 51 84 49 52 58 52 57 58 49 54 46 51 54 50 90 34 44 34 73 100 34 58 34 52 34 44 34 67 111 109 109 101 110 116 34 58 34 85 115 101 114 32 99 114 101 97 116 101 100 32 115 117 99 101 115 115 34 125]" func="UserHandler.go:61" file="UserHandler.go:61"
time="2024-02-23T17:51:00+03:00" level=info msg="Create router" func="main.go:16" file="main.go:16"
time="2024-02-23T17:51:00+03:00" level=info msg="Start app" func="main.go:24" file="main.go:24"
time="2024-02-23T17:51:04+03:00" level=info msg="Получена структура созданного User с параметрами:{Ht Worker 2024-02-23T14:51:04.604Z 836 User created sucess}" func="UserHandler.go:58" file="UserHandler.go:58"
time="2024-02-23T17:51:04+03:00" level=info msg="Вернули ответ:{\"name\":\"Ht\",\"job\":\"Worker\",\"Created\":\"2024-02-23T14:51:04.604Z\",\"Id\":\"836\",\"Comment\":\"User created sucess\"}" func="UserHandler.go:61" file="UserHandler.go:61"
time="2024-02-23T17:52:11+03:00" level=info msg="Create router" func="main.go:16" file="main.go:16"
time="2024-02-23T17:52:11+03:00" level=info msg="Start app" func="main.go:24" file="main.go:24"
time="2024-02-23T17:52:15+03:00" level=info msg="Получена структура созданного User с параметрами:{Ht Worker 2024-02-23T14:52:15.179Z 805 User created sucess}" func="UserHandler.go:58" file="UserHandler.go:58"
time="2024-02-23T17:52:15+03:00" level=info msg="Вернули ответ:{\"name\":\"Ht\",\"job\":\"Worker\",\"Created\":\"2024-02-23T14:52:15.179Z\",\"Id\":\"805\",\"Comment\":\"User created sucess\"}" func="UserHandler.go:61" file="UserHandler.go:61"
